{"/Users/ericking/Documents/projects/palindromes/Spec.js":{"path":"/Users/ericking/Documents/projects/palindromes/Spec.js","s":{"1":1,"2":1,"3":1,"4":1,"5":1,"6":0,"7":0,"8":0,"9":0,"10":0,"11":0,"12":0,"13":0,"14":0,"15":0,"16":0,"17":0,"18":0,"19":0,"20":0,"21":0,"22":0,"23":0,"24":0,"25":0,"26":0,"27":0,"28":0,"29":0,"30":0,"31":0,"32":0,"33":0,"34":0,"35":0,"36":0},"b":{"1":[1,0],"2":[1,1]},"f":{"1":1,"2":0,"3":0,"4":0,"5":0},"fnMap":{"1":{"name":"_interopRequireDefault","line":7,"loc":{"start":{"line":7,"column":0},"end":{"line":7,"column":37}}},"2":{"name":"(anonymous_2)","line":9,"loc":{"start":{"line":9,"column":24},"end":{"line":9,"column":36}}},"3":{"name":"(anonymous_3)","line":10,"loc":{"start":{"line":10,"column":32},"end":{"line":10,"column":44}}},"4":{"name":"(anonymous_4)","line":26,"loc":{"start":{"line":26,"column":39},"end":{"line":26,"column":51}}},"5":{"name":"(anonymous_5)","line":37,"loc":{"start":{"line":37,"column":67},"end":{"line":37,"column":79}}}},"statementMap":{"1":{"start":{"line":3,"column":0},"end":{"line":3,"column":47}},"2":{"start":{"line":5,"column":0},"end":{"line":5,"column":57}},"3":{"start":{"line":7,"column":0},"end":{"line":7,"column":95}},"4":{"start":{"line":7,"column":39},"end":{"line":7,"column":93}},"5":{"start":{"line":9,"column":0},"end":{"line":46,"column":3}},"6":{"start":{"line":10,"column":2},"end":{"line":24,"column":5}},"7":{"start":{"line":11,"column":4},"end":{"line":11,"column":69}},"8":{"start":{"line":12,"column":4},"end":{"line":12,"column":70}},"9":{"start":{"line":13,"column":4},"end":{"line":13,"column":61}},"10":{"start":{"line":14,"column":4},"end":{"line":14,"column":60}},"11":{"start":{"line":15,"column":4},"end":{"line":15,"column":59}},"12":{"start":{"line":16,"column":4},"end":{"line":16,"column":59}},"13":{"start":{"line":17,"column":4},"end":{"line":17,"column":59}},"14":{"start":{"line":18,"column":4},"end":{"line":18,"column":59}},"15":{"start":{"line":19,"column":4},"end":{"line":19,"column":68}},"16":{"start":{"line":20,"column":4},"end":{"line":20,"column":66}},"17":{"start":{"line":21,"column":4},"end":{"line":21,"column":72}},"18":{"start":{"line":22,"column":4},"end":{"line":22,"column":66}},"19":{"start":{"line":23,"column":4},"end":{"line":23,"column":66}},"20":{"start":{"line":26,"column":2},"end":{"line":35,"column":5}},"21":{"start":{"line":27,"column":4},"end":{"line":27,"column":69}},"22":{"start":{"line":28,"column":4},"end":{"line":28,"column":69}},"23":{"start":{"line":29,"column":4},"end":{"line":29,"column":65}},"24":{"start":{"line":30,"column":4},"end":{"line":30,"column":63}},"25":{"start":{"line":31,"column":4},"end":{"line":31,"column":66}},"26":{"start":{"line":32,"column":4},"end":{"line":32,"column":63}},"27":{"start":{"line":33,"column":4},"end":{"line":33,"column":63}},"28":{"start":{"line":34,"column":4},"end":{"line":34,"column":63}},"29":{"start":{"line":37,"column":2},"end":{"line":45,"column":5}},"30":{"start":{"line":38,"column":4},"end":{"line":38,"column":117}},"31":{"start":{"line":39,"column":4},"end":{"line":39,"column":70}},"32":{"start":{"line":40,"column":4},"end":{"line":40,"column":96}},"33":{"start":{"line":41,"column":4},"end":{"line":41,"column":78}},"34":{"start":{"line":42,"column":4},"end":{"line":42,"column":76}},"35":{"start":{"line":43,"column":4},"end":{"line":43,"column":82}},"36":{"start":{"line":44,"column":4},"end":{"line":44,"column":76}}},"branchMap":{"1":{"line":7,"type":"cond-expr","locations":[{"start":{"line":7,"column":70},"end":{"line":7,"column":73}},{"start":{"line":7,"column":76},"end":{"line":7,"column":92}}]},"2":{"line":7,"type":"binary-expr","locations":[{"start":{"line":7,"column":46},"end":{"line":7,"column":49}},{"start":{"line":7,"column":53},"end":{"line":7,"column":67}}]}}},"/Users/ericking/Documents/projects/palindromes/palindromes.js":{"path":"/Users/ericking/Documents/projects/palindromes/palindromes.js","s":{"1":1,"2":1,"3":0,"4":0,"5":0,"6":0,"7":0,"8":0,"9":0,"10":1,"11":1,"12":0,"13":0,"14":0,"15":0,"16":0,"17":0,"18":0,"19":0,"20":0,"21":0,"22":1},"b":{"1":[0,0],"2":[0,0],"3":[0,0],"4":[0,0],"5":[0,0],"6":[0,0],"7":[0,0,0],"8":[0,0]},"f":{"1":0,"2":1,"3":0,"4":0,"5":0},"fnMap":{"1":{"name":"isPalindrome","line":8,"loc":{"start":{"line":8,"column":16},"end":{"line":8,"column":44}}},"2":{"name":"(anonymous_2)","line":19,"loc":{"start":{"line":19,"column":13},"end":{"line":19,"column":25}}},"3":{"name":"(anonymous_3)","line":21,"loc":{"start":{"line":21,"column":11},"end":{"line":21,"column":26}}},"4":{"name":"palindromeFactorial","line":33,"loc":{"start":{"line":33,"column":23},"end":{"line":33,"column":57}}},"5":{"name":"(anonymous_5)","line":35,"loc":{"start":{"line":35,"column":45},"end":{"line":35,"column":61}}}},"statementMap":{"1":{"start":{"line":3,"column":0},"end":{"line":5,"column":3}},"2":{"start":{"line":6,"column":0},"end":{"line":40,"column":2}},"3":{"start":{"line":9,"column":4},"end":{"line":11,"column":5}},"4":{"start":{"line":10,"column":6},"end":{"line":10,"column":26}},"5":{"start":{"line":12,"column":4},"end":{"line":12,"column":55}},"6":{"start":{"line":12,"column":42},"end":{"line":12,"column":55}},"7":{"start":{"line":13,"column":4},"end":{"line":15,"column":24}},"8":{"start":{"line":14,"column":6},"end":{"line":14,"column":120}},"9":{"start":{"line":15,"column":11},"end":{"line":15,"column":24}},"10":{"start":{"line":20,"column":4},"end":{"line":20,"column":29}},"11":{"start":{"line":21,"column":4},"end":{"line":29,"column":6}},"12":{"start":{"line":22,"column":6},"end":{"line":24,"column":7}},"13":{"start":{"line":23,"column":8},"end":{"line":23,"column":24}},"14":{"start":{"line":25,"column":6},"end":{"line":28,"column":24}},"15":{"start":{"line":26,"column":8},"end":{"line":26,"column":55}},"16":{"start":{"line":27,"column":8},"end":{"line":27,"column":24}},"17":{"start":{"line":28,"column":13},"end":{"line":28,"column":24}},"18":{"start":{"line":34,"column":4},"end":{"line":38,"column":22}},"19":{"start":{"line":35,"column":6},"end":{"line":37,"column":17}},"20":{"start":{"line":36,"column":8},"end":{"line":36,"column":45}},"21":{"start":{"line":38,"column":11},"end":{"line":38,"column":22}},"22":{"start":{"line":42,"column":0},"end":{"line":42,"column":29}}},"branchMap":{"1":{"line":9,"type":"if","locations":[{"start":{"line":9,"column":4},"end":{"line":9,"column":4}},{"start":{"line":9,"column":4},"end":{"line":9,"column":4}}]},"2":{"line":12,"type":"if","locations":[{"start":{"line":12,"column":4},"end":{"line":12,"column":4}},{"start":{"line":12,"column":4},"end":{"line":12,"column":4}}]},"3":{"line":12,"type":"binary-expr","locations":[{"start":{"line":12,"column":8},"end":{"line":12,"column":19}},{"start":{"line":12,"column":23},"end":{"line":12,"column":40}}]},"4":{"line":13,"type":"if","locations":[{"start":{"line":13,"column":4},"end":{"line":13,"column":4}},{"start":{"line":13,"column":4},"end":{"line":13,"column":4}}]},"5":{"line":22,"type":"if","locations":[{"start":{"line":22,"column":6},"end":{"line":22,"column":6}},{"start":{"line":22,"column":6},"end":{"line":22,"column":6}}]},"6":{"line":25,"type":"if","locations":[{"start":{"line":25,"column":6},"end":{"line":25,"column":6}},{"start":{"line":25,"column":6},"end":{"line":25,"column":6}}]},"7":{"line":25,"type":"binary-expr","locations":[{"start":{"line":25,"column":10},"end":{"line":25,"column":18}},{"start":{"line":25,"column":22},"end":{"line":25,"column":35}},{"start":{"line":25,"column":39},"end":{"line":25,"column":62}}]},"8":{"line":34,"type":"if","locations":[{"start":{"line":34,"column":4},"end":{"line":34,"column":4}},{"start":{"line":34,"column":4},"end":{"line":34,"column":4}}]}}}}